<?xml version="1.0" encoding="UTF-8"?>
<testsuite xmlns:xsi="http://www.w3.org/2001/XMLSchema-instance" xsi:noNamespaceSchemaLocation="https://maven.apache.org/surefire/maven-surefire-plugin/xsd/surefire-test-report.xsd" version="3.0.1" name="com.runner.TestRunner" time="17.656" tests="1" errors="0" skipped="0" failures="1">
  <properties>
[...]
</properties>
  <testcase name="User validates the list of components and selects a monitor" classname="Testing Components and Monitors in OpenCart" time="17.42">
    <failure message="expected [0] but found [5]" type="java.lang.AssertionError"><![CDATA[java.lang.AssertionError: expected [0] but found [5]
	at org.testng.Assert.fail(Assert.java:111)
	at org.testng.Assert.failNotEquals(Assert.java:1578)
	at org.testng.Assert.assertEqualsImpl(Assert.java:150)
	at org.testng.Assert.assertEquals(Assert.java:132)
	at org.testng.Assert.assertEquals(Assert.java:1419)
	at org.testng.Assert.assertEquals(Assert.java:1383)
	at org.testng.Assert.assertEquals(Assert.java:1429)
	at com.stepDef.StepDefinitions.the_user_should_see_components_listed(StepDefinitions.java:58)
	at ✽.the user should see 5 components listed(file:///C:/Users/fselvakumar/New%20Eclipse%202024/E_Commerce/src/test/java/com/feature/openCart.feature:7)
]]></failure>
    <system-out><![CDATA[
Scenario: User validates the list of components and selects a monitor &amp#27;[90m# ///C:/Users/fselvakumar/New Eclipse 2024/E_Commerce/src/test/java/com/feature/openCart.feature:3&amp#27;[0m
15:52:54.722 [main] DEBUG io.github.bonigarcia.wdm.cache.ResolutionCache - Removing resolution chrome=114 from cache (expired on Wed Jan 15 14:58:26 IST 2025)
15:52:54.743 [main] DEBUG org.apache.hc.client5.http.impl.classic.InternalHttpClient - ex-0000000001 preparing request execution
15:52:54.747 [main] DEBUG org.apache.hc.client5.http.protocol.RequestAddCookies - ex-0000000001 Cookie spec selected: strict
15:52:54.750 [main] DEBUG org.apache.hc.client5.http.protocol.RequestAuthCache - ex-0000000001 Auth cache not set in the context
15:52:54.750 [main] DEBUG org.apache.hc.client5.http.impl.classic.ProtocolExec - ex-0000000001 target auth state: UNCHALLENGED
15:52:54.750 [main] DEBUG org.apache.hc.client5.http.impl.classic.ProtocolExec - ex-0000000001 proxy auth state: UNCHALLENGED
15:52:54.750 [main] DEBUG org.apache.hc.client5.http.impl.classic.ConnectExec - ex-0000000001 acquiring connection with route {s}->https://raw.githubusercontent.com:443
15:52:54.751 [main] DEBUG org.apache.hc.client5.http.impl.classic.InternalHttpClient - ex-0000000001 acquiring endpoint (3 MINUTES)
15:52:54.751 [main] DEBUG org.apache.hc.client5.http.impl.io.PoolingHttpClientConnectionManager - ex-0000000001 endpoint lease request (3 MINUTES) [route: {s}->https://raw.githubusercontent.com:443][total available: 0; route allocated: 0 of 5; total allocated: 0 of 25]
15:52:54.754 [main] DEBUG org.apache.hc.client5.http.impl.io.PoolingHttpClientConnectionManager - ex-0000000001 endpoint leased [route: {s}->https://raw.githubusercontent.com:443][total available: 0; route allocated: 1 of 5; total allocated: 1 of 25]
15:52:54.759 [main] DEBUG org.apache.hc.client5.http.impl.io.PoolingHttpClientConnectionManager - ex-0000000001 acquired ep-0000000000
15:52:54.759 [main] DEBUG org.apache.hc.client5.http.impl.classic.InternalHttpClient - ex-0000000001 acquired endpoint ep-0000000000
15:52:54.759 [main] DEBUG org.apache.hc.client5.http.impl.classic.ConnectExec - ex-0000000001 opening connection {s}->https://raw.githubusercontent.com:443
15:52:54.759 [main] DEBUG org.apache.hc.client5.http.impl.classic.InternalHttpClient - ep-0000000000 connecting endpoint (30 SECONDS)
15:52:54.759 [main] DEBUG org.apache.hc.client5.http.impl.io.PoolingHttpClientConnectionManager - ep-0000000000 connecting endpoint to https://raw.githubusercontent.com:443 (30 SECONDS)
15:52:54.822 [main] DEBUG org.apache.hc.client5.http.impl.io.DefaultHttpClientConnectionOperator - http-outgoing-0 connecting to raw.githubusercontent.com/185.199.109.133:443
15:52:54.822 [main] DEBUG org.apache.hc.client5.http.ssl.SSLConnectionSocketFactory - Connecting socket to raw.githubusercontent.com/185.199.109.133:443 with timeout 30 SECONDS
15:52:54.884 [main] DEBUG org.apache.hc.client5.http.ssl.SSLConnectionSocketFactory - Enabled protocols: [TLSv1.3, TLSv1.2]
15:52:54.884 [main] DEBUG org.apache.hc.client5.http.ssl.SSLConnectionSocketFactory - Enabled cipher suites: [TLS_AES_256_GCM_SHA384, TLS_AES_128_GCM_SHA256, TLS_CHACHA20_POLY1305_SHA256, TLS_ECDHE_ECDSA_WITH_AES_256_GCM_SHA384, TLS_ECDHE_ECDSA_WITH_AES_128_GCM_SHA256, TLS_ECDHE_ECDSA_WITH_CHACHA20_POLY1305_SHA256, TLS_ECDHE_RSA_WITH_AES_256_GCM_SHA384, TLS_ECDHE_RSA_WITH_CHACHA20_POLY1305_SHA256, TLS_ECDHE_RSA_WITH_AES_128_GCM_SHA256, TLS_DHE_RSA_WITH_AES_256_GCM_SHA384, TLS_DHE_RSA_WITH_CHACHA20_POLY1305_SHA256, TLS_DHE_DSS_WITH_AES_256_GCM_SHA384, TLS_DHE_RSA_WITH_AES_128_GCM_SHA256, TLS_DHE_DSS_WITH_AES_128_GCM_SHA256, TLS_ECDHE_ECDSA_WITH_AES_256_CBC_SHA384, TLS_ECDHE_RSA_WITH_AES_256_CBC_SHA384, TLS_ECDHE_ECDSA_WITH_AES_128_CBC_SHA256, TLS_ECDHE_RSA_WITH_AES_128_CBC_SHA256, TLS_DHE_RSA_WITH_AES_256_CBC_SHA256, TLS_DHE_DSS_WITH_AES_256_CBC_SHA256, TLS_DHE_RSA_WITH_AES_128_CBC_SHA256, TLS_DHE_DSS_WITH_AES_128_CBC_SHA256, TLS_ECDH_ECDSA_WITH_AES_256_GCM_SHA384, TLS_ECDH_RSA_WITH_AES_256_GCM_SHA384, TLS_ECDH_ECDSA_WITH_AES_128_GCM_SHA256, TLS_ECDH_RSA_WITH_AES_128_GCM_SHA256, TLS_ECDH_ECDSA_WITH_AES_256_CBC_SHA384, TLS_ECDH_RSA_WITH_AES_256_CBC_SHA384, TLS_ECDH_ECDSA_WITH_AES_128_CBC_SHA256, TLS_ECDH_RSA_WITH_AES_128_CBC_SHA256, TLS_ECDHE_ECDSA_WITH_AES_256_CBC_SHA, TLS_ECDHE_RSA_WITH_AES_256_CBC_SHA, TLS_ECDHE_ECDSA_WITH_AES_128_CBC_SHA, TLS_ECDHE_RSA_WITH_AES_128_CBC_SHA, TLS_DHE_RSA_WITH_AES_256_CBC_SHA, TLS_DHE_DSS_WITH_AES_256_CBC_SHA, TLS_DHE_RSA_WITH_AES_128_CBC_SHA, TLS_DHE_DSS_WITH_AES_128_CBC_SHA, TLS_ECDH_ECDSA_WITH_AES_256_CBC_SHA, TLS_ECDH_RSA_WITH_AES_256_CBC_SHA, TLS_ECDH_ECDSA_WITH_AES_128_CBC_SHA, TLS_ECDH_RSA_WITH_AES_128_CBC_SHA, TLS_RSA_WITH_AES_256_GCM_SHA384, TLS_RSA_WITH_AES_128_GCM_SHA256, TLS_RSA_WITH_AES_256_CBC_SHA256, TLS_RSA_WITH_AES_128_CBC_SHA256, TLS_RSA_WITH_AES_256_CBC_SHA, TLS_RSA_WITH_AES_128_CBC_SHA, TLS_EMPTY_RENEGOTIATION_INFO_SCSV]
15:52:54.884 [main] DEBUG org.apache.hc.client5.http.ssl.SSLConnectionSocketFactory - Starting handshake
15:52:55.033 [main] DEBUG org.apache.hc.client5.http.ssl.SSLConnectionSocketFactory - Secure session established
15:52:55.033 [main] DEBUG org.apache.hc.client5.http.ssl.SSLConnectionSocketFactory -  negotiated protocol: TLSv1.3
15:52:55.033 [main] DEBUG org.apache.hc.client5.http.ssl.SSLConnectionSocketFactory -  negotiated cipher suite: TLS_AES_128_GCM_SHA256
15:52:55.033 [main] DEBUG org.apache.hc.client5.http.ssl.SSLConnectionSocketFactory -  peer principal: CN=*.github.io, O="GitHub, Inc.", L=San Francisco, ST=California, C=US
15:52:55.034 [main] DEBUG org.apache.hc.client5.http.ssl.SSLConnectionSocketFactory -  peer alternative names: [*.github.io, github.io, githubusercontent.com, www.github.com, *.github.com, *.githubusercontent.com, github.com]
15:52:55.034 [main] DEBUG org.apache.hc.client5.http.ssl.SSLConnectionSocketFactory -  issuer principal: CN=DigiCert Global G2 TLS RSA SHA256 2020 CA1, O=DigiCert Inc, C=US
15:52:55.034 [main] DEBUG org.apache.hc.client5.http.impl.io.DefaultHttpClientConnectionOperator - http-outgoing-0 connection established 10.6.35.4:53249<->185.199.109.133:443
15:52:55.034 [main] DEBUG org.apache.hc.client5.http.impl.io.PoolingHttpClientConnectionManager - ep-0000000000 connected http-outgoing-0
15:52:55.034 [main] DEBUG org.apache.hc.client5.http.impl.classic.InternalHttpClient - ep-0000000000 endpoint connected
15:52:55.035 [main] DEBUG org.apache.hc.client5.http.impl.classic.MainClientExec - ex-0000000001 executing GET /bonigarcia/webdrivermanager/master/src/main/resources/commands.properties HTTP/1.1
15:52:55.035 [main] DEBUG org.apache.hc.client5.http.impl.classic.InternalHttpClient - ep-0000000000 start execution ex-0000000001
15:52:55.035 [main] DEBUG org.apache.hc.client5.http.impl.io.PoolingHttpClientConnectionManager - ep-0000000000 executing exchange ex-0000000001 over http-outgoing-0
15:52:55.035 [main] DEBUG org.apache.hc.client5.http.headers - http-outgoing-0 >> GET /bonigarcia/webdrivermanager/master/src/main/resources/commands.properties HTTP/1.1
15:52:55.035 [main] DEBUG org.apache.hc.client5.http.headers - http-outgoing-0 >> user-agent: Apache-HttpClient/5.0
15:52:55.035 [main] DEBUG org.apache.hc.client5.http.headers - http-outgoing-0 >> accept-encoding: gzip, deflate, br
15:52:55.035 [main] DEBUG org.apache.hc.client5.http.headers - http-outgoing-0 >> cache-control: max-age=0
15:52:55.035 [main] DEBUG org.apache.hc.client5.http.headers - http-outgoing-0 >> connection: keep-alive
15:52:55.035 [main] DEBUG org.apache.hc.client5.http.headers - http-outgoing-0 >> Host: raw.githubusercontent.com
15:52:55.035 [main] DEBUG org.apache.hc.client5.http.wire - http-outgoing-0 >> "GET /bonigarcia/webdrivermanager/master/src/main/resources/commands.properties HTTP/1.1[\r][\n]"
15:52:55.035 [main] DEBUG org.apache.hc.client5.http.wire - http-outgoing-0 >> "user-agent: Apache-HttpClient/5.0[\r][\n]"
15:52:55.035 [main] DEBUG org.apache.hc.client5.http.wire - http-outgoing-0 >> "accept-encoding: gzip, deflate, br[\r][\n]"
15:52:55.035 [main] DEBUG org.apache.hc.client5.http.wire - http-outgoing-0 >> "cache-control: max-age=0[\r][\n]"
15:52:55.035 [main] DEBUG org.apache.hc.client5.http.wire - http-outgoing-0 >> "connection: keep-alive[\r][\n]"
15:52:55.035 [main] DEBUG org.apache.hc.client5.http.wire - http-outgoing-0 >> "Host: raw.githubusercontent.com[\r][\n]"
15:52:55.035 [main] DEBUG org.apache.hc.client5.http.wire - http-outgoing-0 >> "[\r][\n]"
15:52:55.052 [main] DEBUG org.apache.hc.client5.http.wire - http-outgoing-0 << "HTTP/1.1 200 OK[\r][\n]"
15:52:55.052 [main] DEBUG org.apache.hc.client5.http.wire - http-outgoing-0 << "Connection: keep-alive[\r][\n]"
15:52:55.052 [main] DEBUG org.apache.hc.client5.http.wire - http-outgoing-0 << "Content-Length: 745[\r][\n]"
15:52:55.052 [main] DEBUG org.apache.hc.client5.http.wire - http-outgoing-0 << "Cache-Control: max-age=300[\r][\n]"
15:52:55.052 [main] DEBUG org.apache.hc.client5.http.wire - http-outgoing-0 << "Content-Security-Policy: default-src 'none'; style-src 'unsafe-inline'; sandbox[\r][\n]"
15:52:55.052 [main] DEBUG org.apache.hc.client5.http.wire - http-outgoing-0 << "Content-Type: text/plain; charset=utf-8[\r][\n]"
15:52:55.052 [main] DEBUG org.apache.hc.client5.http.wire - http-outgoing-0 << "ETag: W/"dd41edff335272162022217759820159dac501cff56850e2510f504462cd9b5f"[\r][\n]"
15:52:55.052 [main] DEBUG org.apache.hc.client5.http.wire - http-outgoing-0 << "Strict-Transport-Security: max-age=31536000[\r][\n]"
15:52:55.052 [main] DEBUG org.apache.hc.client5.http.wire - http-outgoing-0 << "X-Content-Type-Options: nosniff[\r][\n]"
15:52:55.052 [main] DEBUG org.apache.hc.client5.http.wire - http-outgoing-0 << "X-Frame-Options: deny[\r][\n]"
15:52:55.052 [main] DEBUG org.apache.hc.client5.http.wire - http-outgoing-0 << "X-XSS-Protection: 1; mode=block[\r][\n]"
15:52:55.052 [main] DEBUG org.apache.hc.client5.http.wire - http-outgoing-0 << "X-GitHub-Request-Id: 549E:366AB0:15154:33795:6785D1E7[\r][\n]"
15:52:55.052 [main] DEBUG org.apache.hc.client5.http.wire - http-outgoing-0 << "Content-Encoding: gzip[\r][\n]"
15:52:55.052 [main] DEBUG org.apache.hc.client5.http.wire - http-outgoing-0 << "Accept-Ranges: bytes[\r][\n]"
15:52:55.052 [main] DEBUG org.apache.hc.client5.http.wire - http-outgoing-0 << "Date: Wed, 15 Jan 2025 10:23:09 GMT[\r][\n]"
15:52:55.052 [main] DEBUG org.apache.hc.client5.http.wire - http-outgoing-0 << "Via: 1.1 varnish[\r][\n]"
15:52:55.053 [main] DEBUG org.apache.hc.client5.http.wire - http-outgoing-0 << "X-Served-By: cache-ccu830037-CCU[\r][\n]"
15:52:55.053 [main] DEBUG org.apache.hc.client5.http.wire - http-outgoing-0 << "X-Cache: HIT[\r][\n]"
15:52:55.053 [main] DEBUG org.apache.hc.client5.http.wire - http-outgoing-0 << "X-Cache-Hits: 1[\r][\n]"
15:52:55.053 [main] DEBUG org.apache.hc.client5.http.wire - http-outgoing-0 << "X-Timer: S1736936589.303823,VS0,VE1[\r][\n]"
15:52:55.053 [main] DEBUG org.apache.hc.client5.http.wire - http-outgoing-0 << "Vary: Authorization,Accept-Encoding,Origin[\r][\n]"
15:52:55.053 [main] DEBUG org.apache.hc.client5.http.wire - http-outgoing-0 << "Access-Control-Allow-Origin: *[\r][\n]"
15:52:55.053 [main] DEBUG org.apache.hc.client5.http.wire - http-outgoing-0 << "Cross-Origin-Resource-Policy: cross-origin[\r][\n]"
15:52:55.053 [main] DEBUG org.apache.hc.client5.http.wire - http-outgoing-0 << "X-Fastly-Request-ID: fd9ff3c8b2324f72f369a0a6e828e00587717663[\r][\n]"
15:52:55.053 [main] DEBUG org.apache.hc.client5.http.wire - http-outgoing-0 << "Expires: Wed, 15 Jan 2025 10:28:09 GMT[\r][\n]"
15:52:55.053 [main] DEBUG org.apache.hc.client5.http.wire - http-outgoing-0 << "Source-Age: 120[\r][\n]"
15:52:55.053 [main] DEBUG org.apache.hc.client5.http.wire - http-outgoing-0 << "[\r][\n]"
15:52:55.054 [main] DEBUG org.apache.hc.client5.http.headers - http-outgoing-0 << HTTP/1.1 200 OK
15:52:55.054 [main] DEBUG org.apache.hc.client5.http.headers - http-outgoing-0 << Connection: keep-alive
15:52:55.054 [main] DEBUG org.apache.hc.client5.http.headers - http-outgoing-0 << Content-Length: 745
15:52:55.054 [main] DEBUG org.apache.hc.client5.http.headers - http-outgoing-0 << Cache-Control: max-age=300
15:52:55.054 [main] DEBUG org.apache.hc.client5.http.headers - http-outgoing-0 << Content-Security-Policy: default-src 'none'; style-src 'unsafe-inline'; sandbox
15:52:55.054 [main] DEBUG org.apache.hc.client5.http.headers - http-outgoing-0 << Content-Type: text/plain; charset=utf-8
15:52:55.054 [main] DEBUG org.apache.hc.client5.http.headers - http-outgoing-0 << ETag: W/"dd41edff335272162022217759820159dac501cff56850e2510f504462cd9b5f"
15:52:55.054 [main] DEBUG org.apache.hc.client5.http.headers - http-outgoing-0 << Strict-Transport-Security: max-age=31536000
15:52:55.054 [main] DEBUG org.apache.hc.client5.http.headers - http-outgoing-0 << X-Content-Type-Options: nosniff
15:52:55.054 [main] DEBUG org.apache.hc.client5.http.headers - http-outgoing-0 << X-Frame-Options: deny
15:52:55.054 [main] DEBUG org.apache.hc.client5.http.headers - http-outgoing-0 << X-XSS-Protection: 1; mode=block
15:52:55.054 [main] DEBUG org.apache.hc.client5.http.headers - http-outgoing-0 << X-GitHub-Request-Id: 549E:366AB0:15154:33795:6785D1E7
15:52:55.055 [main] DEBUG org.apache.hc.client5.http.headers - http-outgoing-0 << Content-Encoding: gzip
15:52:55.055 [main] DEBUG org.apache.hc.client5.http.headers - http-outgoing-0 << Accept-Ranges: bytes
15:52:55.055 [main] DEBUG org.apache.hc.client5.http.headers - http-outgoing-0 << Date: Wed, 15 Jan 2025 10:23:09 GMT
15:52:55.055 [main] DEBUG org.apache.hc.client5.http.headers - http-outgoing-0 << Via: 1.1 varnish
15:52:55.055 [main] DEBUG org.apache.hc.client5.http.headers - http-outgoing-0 << X-Served-By: cache-ccu830037-CCU
15:52:55.055 [main] DEBUG org.apache.hc.client5.http.headers - http-outgoing-0 << X-Cache: HIT
15:52:55.055 [main] DEBUG org.apache.hc.client5.http.headers - http-outgoing-0 << X-Cache-Hits: 1
15:52:55.055 [main] DEBUG org.apache.hc.client5.http.headers - http-outgoing-0 << X-Timer: S1736936589.303823,VS0,VE1
15:52:55.055 [main] DEBUG org.apache.hc.client5.http.headers - http-outgoing-0 << Vary: Authorization,Accept-Encoding,Origin
15:52:55.055 [main] DEBUG org.apache.hc.client5.http.headers - http-outgoing-0 << Access-Control-Allow-Origin: *
15:52:55.055 [main] DEBUG org.apache.hc.client5.http.headers - http-outgoing-0 << Cross-Origin-Resource-Policy: cross-origin
15:52:55.055 [main] DEBUG org.apache.hc.client5.http.headers - http-outgoing-0 << X-Fastly-Request-ID: fd9ff3c8b2324f72f369a0a6e828e00587717663
15:52:55.055 [main] DEBUG org.apache.hc.client5.http.headers - http-outgoing-0 << Expires: Wed, 15 Jan 2025 10:28:09 GMT
15:52:55.055 [main] DEBUG org.apache.hc.client5.http.headers - http-outgoing-0 << Source-Age: 120
15:52:55.057 [main] DEBUG org.apache.hc.client5.http.impl.classic.MainClientExec - ex-0000000001 connection can be kept alive for 3 MINUTES
15:52:55.062 [main] DEBUG org.apache.hc.client5.http.wire - http-outgoing-0 << "[0x1f][0xffffff8b][0x8][0x0][0x0][0x0][0x0][0x0][0x0][0x3][0xffffffb5]W]o[0xffffffda]0[0x14]}[0xffffffe7]W\QUj% [0x1b][0xffffffad][0xffffffa6]i[0x12][0xf]4c[0xffffffdd]4*[0x18][0xffffffb4][0xffffffdd]&[0xfffffff9][0xffffffc5]$N[0xffffffb0][0xffffff94][0xffffffd8][0xffffffc8]NJ[0xffffffb7]_?[0xffffffdb][0xfffffff9]X[0xffffff92]:[0xffffffa3]k[0xffffffe8][0x1b][0xffffffb6][0xffffffef]=[0xffffffe7][0xffffffd8][0xfffffff7][0xffffffe4][0xffffffda][0xffffff9c][0xffffff80][0xffffffcb][0xffffffe3][0x18]3_[0xffffff82][0xffffff8f][0x13][0xffffffbc][0xffffffc1][0xffffff92][0xfffffff4]N[0xffffffe0]vK%[0x4]4"[0xffffffe0]q[0xffffff96]`[0xffffffca]$$[=[0xffffffc8]C[0x13][0xe][0x1b][0x2][0xffffffe4][0xffffff91]xiB|[0xffffffa0][0xffffffcc],[0xffffffcb]-[0xffffff89]"=[0xffffffe0][0xffffffc2]'B[0x7][0xfffffff9]$!^b[0x16][0x1f][0xffffff88][0xffffff90][0xffffff94][0xffffffab][0xffffffb5][0x0][0xffffff88][0xfffffffa][0x1d][\n]"
15:52:55.062 [main] DEBUG org.apache.hc.client5.http.wire - http-outgoing-0 << "B[0x18]l[0x4][0xffffffdf]K[0xffffffb5][0xffffffa0]([0xffffffcf][0xffffffdc][0xffffffad][0xffffffe0]1[0x19][0xffffffc0]'*H[0xffffffc0][0x1f][0x7][0xffffffb0][0xffffffd8][0x11][0xffffff81][0x7]0[0xfffffff3]C5kVi[0x1a][0xffffff9f]k|[0xffffff9f][0x6][0x1][0x11][0xffffff84]%[0xffffffc0]uLBY[0x8][0xfffffff2][0xffffff97]LH,[0xffffffe1][0xffffffec];e[0xffffffbe]B[0x1d][0xffffffc0][0xffffff9c][0xffffffb2]T[0xffffffc1][0xffffffdc]`[0xf][0x16][0xffffffeb][0xfffffff3][0xffffff9e][0xffffffe2][0xffffffc8](z[0xfffffff9]6F[0xffffff9e][0x19][0xffffff8e][0xfffffff6]Y[0xffffffc2][0xffffffe8][0xffffffcd][0xffffffdb][0xffffff89][0x17][0xfffffffb]#[0xffffffb5]+p\[0xffffffd8][0xffffffc7][0xffffffd4]3Gb[0xffffff8e]a[0xffffffbf]U|[0xffffffc0]pL&[0xfffffffd][0xffffffd3][0xffffffe5]jq[0xffffffbd][0xffffff9a][0xffffffde]|[0xfffffffa]2[0xffffff9f][0xffffffad]?[0xffffffa0][0x9]B[0xffffffa7][0x8]]s[0x1e]F[0x4][0xffffffa1][0xffffff8c][0x2][0xffffffa1][0xffffffe9]n[0x17]QOI[0xffffffe3][0xc][0xffffffa1][0xffffff9c]H![0xfffffff7]!$[0x9][0xffffffdc][0xffffffe7]g[0xffffffe1]<[0xffffffe0](m[0xffffffd7]3~[0xffffff81][0xffffff9e][0xffffffb3][0x1f][0xffffffef][0xffffffdf][0xffffff9d][0xffffffbf][0xffffffa6][0xffffffa8][0xffffff8b]g[0xffffff8a][0xffffff9a]/[0xffffffdc][0xffffffe9]|[0xffffffba]\~[0xffffff9c][0xffffffde]N_S[0xffffffcf][0xffffffe5]d5[0xffffffbb][0xffffff86]ow[0xffffffb3][0xffffffd5]O[0xfffffff8][0xfffffffc][0xffffffd5][0xffffffbd]Ck[0x1e]${,H[0xffffffc1][0xffffff96][0xffffff93]][0xffffffcd][0xffffffaf][0x8][0xfffffff6][0xc]^[0xffffffe1][0xffffffc5]^[0x13]4[0xffffffd2][0xffffff8e][0xffffffd1]>pR)[0xffffff9c][\r]eNh0[0xffffff86][0xffffffd9]:[0xc][0xffffff87]E[0xffffffa6]=q<i[0xffffff8b]o&[0xffffffc4][0xffffffd8]3<[0xffffff95][0x13][0xffffff90]N&8w[0xffffffe9][0x8][0xffffffef]v[0xffffff8e][0xffffffab][0xffffffbe]>es[0xffffffe9]([0x13]/[0xffffffd6][0xfffffff5][0xffffff80]*[0xffffffba][0xfffffff2]v[0xfffffffe][0xffffffd9][0xffffff94]DA6>[0xffffff8e][0xffffffbb]o[0xfffffff8]o[0x1a]E[0xffffffb8] A[0xffffffa8]@?T[0xffffffad]'*:{[0xfffffffa]xR.*[0xffffffce][0xffffffe9][0xffffffd7][0xffffffad][0xffffff93][0xffffff93]4[0xffffffc9][0xfffffffa][0xffffffda]<n*t[0xffffffeb][0xffffffb9]oV[0xffffffb6][0xffffffc0]/M[0xffffff94]O[0xffffffc0][0xfffffff0][0xffffffe1]i[0xffffff90][0xffffffb5][0xfffffffe]9[0xffffff8b][0xffffffad][0xfffffff2]U,Ul[0xffffffdd][0x13]KL[0xffffffa2][0x6][0xffffffdd][0xffffffca]\?`[0xffffffea][0x9].[0xffffffd5]I [0xffffffa4]i[0x1a]_i,[\r][0xffffffdd][0xffffffa1][0xffffffc3][0xffffffae]kzI[0xffffffd1]_Q[0xffffffce]Ek[0xffffffcb][0xfffffff8]Kf[0xffffffb8][0xfffffffe][0xffffffd9]3[0xc][0xffffffe6][0xffffffd3][0xffffff8e][0x11][0x17][0x10]C[0x1d]`i[0x19][0xffffffd5][0xffffffbc][0xfffffff1][0xffffffa4]5[0xffffffbc][0x1e]o[0xfffffff5]K[0xffffffa9][0xffffffd6][0xfffffff8][0xffffffc1]f[0xffffff9b]z[0x4][0xffffffd4][0x1a][0xffffff86][0xffffffb9]^K[0x16]s[0xffffff91][0xfffffffe][0xffffffbf][0xffffff8b]l]~)x(p,[0x11]2[0x14][0x8]E8e[0xffffff9e][0xffffffca]:X[0xffffffa6][0xffffff86][0xffffff88].[0xffffffb6]9[0xffffff9a][0xffffff88].[0xfffffff7]]G[0xffffffea][0xffffffcb][0xe][0xfffffffb][0x7f].u[0xffffff83][0xffffffbb][0xfffffff4][0xffffffb3][0x19][0xffffffda][0xffffffec][0xffffff98][0xffffffc5]Y[0xfffffffd]h8m6\4[0xffffffc1][0xffffff8a][0xffffffb7][0xffffff98]z[0xffffffd0][0xffffffd5]oF5q[0x1c][0x13][0x16][0xfffffff0][0x1d][0x1e][0x19]5-[0xffffff9d][0xffffffef][0xffffffad]c[0xb]z[0xffffffae]/m[0xffffffe6]8[0xffffffb6][0xffffff96][0xfffffff6]7X[0xffffffc9]t[0xfffffff8][0xfffffff9][0xffffffa5][0x11]K[0xfffffffb][0x15]3[0xffffffc3][0xfffffffc][0x1f]B[0xffffffdb][0xffffffd3][0xffffffab][0xffffff92]4.[0xffffff93]Z[0xffffffdf]]:[0xffffffda][0xffffffea][0xffffffdc]B[0xffffffa6][0xffffffcd][0xffffffbc][0xffffffae][0x5][0xfffffff5][0x4][0xffffffd6]8[0xffffffc0][0xffffff82][0xffffff96][0xfffffff0][0xffffffd2][0xc][0xffffffed][0xffffffe0]Y[0xffffffa8][\r]:[[0xffffffa9][0x0][0xffffffff][0x1][0xfffffff8][0x15][0xffffffb4][0xffffffee][0xffffff8e][\r][0x0][0x0]"
15:52:55.063 [main] DEBUG org.apache.hc.client5.http.impl.classic.InternalHttpClient - ep-0000000000 releasing valid endpoint
15:52:55.063 [main] DEBUG org.apache.hc.client5.http.impl.io.PoolingHttpClientConnectionManager - ep-0000000000 releasing endpoint
15:52:55.063 [main] DEBUG org.apache.hc.client5.http.impl.io.PoolingHttpClientConnectionManager - ep-0000000000 connection http-outgoing-0 can be kept alive for 3 MINUTES
15:52:55.064 [main] DEBUG org.apache.hc.client5.http.impl.io.PoolingHttpClientConnectionManager - ep-0000000000 connection released [route: {s}->https://raw.githubusercontent.com:443][total available: 1; route allocated: 1 of 5; total allocated: 1 of 25]
15:52:55.064 [main] DEBUG io.github.bonigarcia.wdm.versions.VersionDetector - Detecting chrome version using online commands.properties
15:52:55.065 [main] DEBUG io.github.bonigarcia.wdm.versions.Shell - Running command on the shell: [cmd.exe, /C, wmic, datafile, where, name="%PROGRAMFILES:\=\\%\\Google\\Chrome\\Application\\chrome.exe", get, Version, /value]
15:52:55.334 [main] DEBUG io.github.bonigarcia.wdm.versions.Shell - Result: Version=114.0.5735.199
15:52:55.336 [main] DEBUG io.github.bonigarcia.wdm.cache.ResolutionCache - Resolution chrome114=114.0.5735.90 in cache (valid until 14:39:52 16/01/2025 IST)
15:52:55.336 [main] INFO io.github.bonigarcia.wdm.WebDriverManager - Using chromedriver 114.0.5735.90 (resolved driver for Chrome 114)
15:52:55.338 [main] DEBUG io.github.bonigarcia.wdm.cache.ResolutionCache - Storing resolution chrome=114 in cache (valid until 16:52:55 15/01/2025 IST)
15:52:55.347 [main] DEBUG io.github.bonigarcia.wdm.WebDriverManager - Driver chromedriver 114.0.5735.90 found in cache
15:52:55.348 [main] INFO io.github.bonigarcia.wdm.WebDriverManager - Exporting webdriver.chrome.driver as C:\Users\fselvakumar\.cache\selenium\chromedriver\win32\114.0.5735.90\chromedriver.exe
  &amp#27;[32mGiven &amp#27;[0m&amp#27;[32mthe user opens the OpenCart homepage&amp#27;[0m                          &amp#27;[90m# com.stepDef.StepDefinitions.the_user_opens_the_open_cart_homepage()&amp#27;[0m
  &amp#27;[32mWhen &amp#27;[0m&amp#27;[32mthe user hovers over the &amp#27;[0m&amp#27;[32m&amp#27;[1m"Components"&amp#27;[0m&amp#27;[32m menu&amp#27;[0m                     &amp#27;[90m# com.stepDef.StepDefinitions.the_user_hovers_over_the_menu(java.lang.String)&amp#27;[0m
  &amp#27;[32mAnd &amp#27;[0m&amp#27;[32mthe user clicks on &amp#27;[0m&amp#27;[32m&amp#27;[1m"Show All Components"&amp#27;[0m                        &amp#27;[90m# com.stepDef.StepDefinitions.the_user_clicks_on(java.lang.String)&amp#27;[0m
  &amp#27;[31mThen &amp#27;[0m&amp#27;[31mthe user should see &amp#27;[0m&amp#27;[31m&amp#27;[1m5&amp#27;[0m&amp#27;[31m components listed&amp#27;[0m                        &amp#27;[90m# com.stepDef.StepDefinitions.the_user_should_see_components_listed(java.lang.Integer)&amp#27;[0m
      &amp#27;[31mjava.lang.AssertionError: expected [0] but found [5]
	at org.testng.Assert.fail(Assert.java:111)
	at org.testng.Assert.failNotEquals(Assert.java:1578)
	at org.testng.Assert.assertEqualsImpl(Assert.java:150)
	at org.testng.Assert.assertEquals(Assert.java:132)
	at org.testng.Assert.assertEquals(Assert.java:1419)
	at org.testng.Assert.assertEquals(Assert.java:1383)
	at org.testng.Assert.assertEquals(Assert.java:1429)
	at com.stepDef.StepDefinitions.the_user_should_see_components_listed(StepDefinitions.java:58)
	at âœ½.the user should see 5 components listed(file:///C:/Users/fselvakumar/New%20Eclipse%202024/E_Commerce/src/test/java/com/feature/openCart.feature:7)
&amp#27;[0m
  &amp#27;[36mWhen &amp#27;[0m&amp#27;[36mthe user clicks on &amp#27;[0m&amp#27;[36m&amp#27;[1m"Monitors (2)"&amp#27;[0m                              &amp#27;[90m# com.stepDef.StepDefinitions.the_user_clicks_on(java.lang.String)&amp#27;[0m
  &amp#27;[36mThen &amp#27;[0m&amp#27;[36mthe user should see a list of monitors and their names&amp#27;[0m         &amp#27;[90m# com.stepDef.StepDefinitions.the_user_should_see_a_list_of_monitors_and_their_names()&amp#27;[0m
  &amp#27;[36mAnd &amp#27;[0m&amp#27;[36mthe user should see breadcrumbs with a count&amp#27;[0m                    &amp#27;[90m# com.stepDef.StepDefinitions.the_user_should_see_breadcrumbs_with_a_count()&amp#27;[0m
]]></system-out>
    <system-err><![CDATA[Starting ChromeDriver 114.0.5735.90 (386bc09e8f4f2e025eddae123f36f6263096ae49-refs/branch-heads/5735@{#1052}) on port 27253
Only local connections are allowed.
Please see https://chromedriver.chromium.org/security-considerations for suggestions on keeping ChromeDriver safe.
ChromeDriver was started successfully.
Jan 15, 2025 3:52:57 PM org.openqa.selenium.remote.ProtocolHandshake createSession
INFO: Detected dialect: W3C
]]></system-err>
  </testcase>
</testsuite>